<?xml version="1.0" encoding="UTF-8"?>
<testExecutions version="1">
  <file path="C:\Users\cassi\Desktop\materiais faculdade\PM\vaidebike\Aluguel\src\tests\integration\cyclistRoutes.test.ts">
    <testCase name="Get one Cyclist Get a cyclist by id" duration="88"/>
    <testCase name="Get one Cyclist Get a cyclist by id with invalid id" duration="11"/>
    <testCase name="Get one Cyclist Get a cyclist by id with not found id" duration="8"/>
    <testCase name="Create one cyclist Create a cyclist" duration="61"/>
    <testCase name="Create a invalid cyclist Create a cyclist with missing payment Method" duration="11"/>
    <testCase name="Create a invalid cyclist Create a cyclist with missing passaporte" duration="9"/>
    <testCase name="Create a invalid cyclist Create a cyclist with missing cpf" duration="9"/>
    <testCase name="Create a invalid cyclist Create a cyclist with missing passaporte numero" duration="6"/>
    <testCase name="Create a invalid cyclist Create a cyclist with missing passaporte validade" duration="9"/>
    <testCase name="Create a invalid cyclist Create a cyclist with missing passaporte coutry" duration="6"/>
    <testCase name="Create a invalid cyclist Create a cyclist with no senha" duration="7"/>
    <testCase name="Create a invalid cyclist Create a cyclist with no confirma_senha" duration="6"/>
    <testCase name="Create a invalid cyclist Create a cyclist with no equals senhas" duration="8"/>
    <testCase name="Create a invalid cyclist Create a cyclist without data" duration="6"/>
    <testCase name="Update cyclist Update a cyclist" duration="6"/>
    <testCase name="Verify if email exists Verify if email exists with valid and existing email" duration="7"/>
    <testCase name="Verify if email exists Verify if email exists with valid and not existing email" duration="5"/>
    <testCase name="Verify if email exists Verify if email exists with invalid email" duration="4"/>
    <testCase name="Delete a cyclist Delete a cyclist" duration="5"/>
  </file>
  <file path="C:\Users\cassi\Desktop\materiais faculdade\PM\vaidebike\Aluguel\src\tests\integration\employeeRoutes.test.ts">
    <testCase name="Get one Employee Get one employee with id" duration="43"/>
    <testCase name="Get one Employee Get one employee with not founded id" duration="6"/>
    <testCase name="Get one Employee Get one employee with not valid id" duration="6"/>
    <testCase name="Get all Employees Get all employees" duration="5"/>
    <testCase name="Create an Employee Create an employee with valid data" duration="23"/>
    <testCase name="Create an Employee Create an employee with invalid data" duration="5"/>
    <testCase name="Create an Employee Create an employee with no data" duration="5"/>
    <testCase name="Update an Employee Update an employee with valid data" duration="10"/>
    <testCase name="Update an Employee Update an employee with invalid data" duration="6"/>
    <testCase name="Update an Employee Update an employee with not found id" duration="5"/>
    <testCase name="Delete an Employee Delete an employee with valid data" duration="9"/>
    <testCase name="Delete an Employee Delete an employee with not found id" duration="6"/>
    <testCase name="Delete an Employee Delete an employee with invalid id" duration="4"/>
  </file>
  <file path="C:\Users\cassi\Desktop\materiais faculdade\PM\vaidebike\Aluguel\src\tests\unit\EmployeeRepository.test.ts">
    <testCase name="EmployeeRepository should create a new employee repository" duration="6"/>
    <testCase name="EmployeeRepository should set a new db" duration="0"/>
    <testCase name="EmployeeRepository should create a new employee" duration="46"/>
    <testCase name="EmployeeRepository should get a not valid error when try to create a employee with no name" duration="1"/>
    <testCase name="EmployeeRepository should get a not valid error when try to create a employee with no email" duration="1"/>
    <testCase name="EmployeeRepository should get a not valid error when try to create a employee with no role" duration="1"/>
    <testCase name="EmployeeRepository should get a not valid error when try to create a employee with no age" duration="1"/>
    <testCase name="EmployeeRepository should get a not valid error when try to create a employee with no cpf" duration="0"/>
    <testCase name="EmployeeRepository should get a not valid error when try to create a employee with no password" duration="1"/>
    <testCase name="EmployeeRepository should get a no data error when try to create a employee without data" duration="1"/>
    <testCase name="EmployeeRepository should remove an employee" duration="104"/>
    <testCase name="EmployeeRepository should get a not valid error when try to delete a employee with no valid uuid" duration="2"/>
    <testCase name="EmployeeRepository should get a not found error when try to remove a employee not exists" duration="28"/>
    <testCase name="EmployeeRepository should return all employees" duration="13"/>
    <testCase name="EmployeeRepository should return employee by id" duration="15"/>
    <testCase name="EmployeeRepository should get a not valid error when try to find a employee with no valid uuid" duration="3"/>
    <testCase name="EmployeeRepository should get a not found error when employee not exists" duration="28"/>
    <testCase name="EmployeeRepository should update a employee" duration="17"/>
    <testCase name="EmployeeRepository should get a not valid error when try tu update a employee with invalid id" duration="1"/>
    <testCase name="EmployeeRepository should get a not valid error when try tu update a employee with no data" duration="1"/>
    <testCase name="EmployeeRepository should get a not valid error when try to update a employee with invalid data" duration="33"/>
    <testCase name="EmployeeRepository should get a not found error when try to update a employee not exists" duration="10"/>
    <testCase name="EmployeeRepository should get a not found error when try to update a employee not exists" duration="14"/>
  </file>
  <file path="C:\Users\cassi\Desktop\materiais faculdade\PM\vaidebike\Aluguel\src\tests\integration\app.test.ts">
    <testCase name="Get Endpoint / Get /" duration="18"/>
  </file>
  <file path="C:\Users\cassi\Desktop\materiais faculdade\PM\vaidebike\Aluguel\dist\tests\cyclistRoutes.test.js">
    <testCase name="Get one Cyclist Get" duration="17"/>
    <testCase name="Get one Cyclist with not founded id Get" duration="5"/>
    <testCase name="Get one Cyclist with not nvalid id Get" duration="5"/>
  </file>
  <file path="C:\Users\cassi\Desktop\materiais faculdade\PM\vaidebike\Aluguel\src\tests\unit\CyclistRepository.test.ts">
    <testCase name="CyclistRepository should create a new cyclist repository" duration="5"/>
    <testCase name="CyclistRepository should set a new db" duration="1"/>
    <testCase name="CyclistRepository should create a new cyclist" duration="173"/>
    <testCase name="CyclistRepository should get a not valid error when try to create a cyclist with no nome" duration="3"/>
    <testCase name="CyclistRepository should get a not valid error when try to create a cyclist with no email" duration="2"/>
    <testCase name="CyclistRepository should get a not valid error when try to create a cyclist with no nascimento" duration="2"/>
    <testCase name="CyclistRepository should get a not valid error when try to create a cyclist with no cpf" duration="4"/>
    <testCase name="CyclistRepository should get a not valid error when try to create a cyclist with no passaporte" duration="1"/>
    <testCase name="CyclistRepository should get a not valid error when try to create a cyclist with no status" duration="6"/>
    <testCase name="CyclistRepository should get a not valid error when try to create a cyclist with no passaporte numero" duration="2"/>
    <testCase name="CyclistRepository should get a not valid error when try to create a cyclist with no passaporte validade" duration="1"/>
    <testCase name="CyclistRepository should get a not valid error when try to create a cyclist with no passaporte pais" duration="2"/>
    <testCase name="CyclistRepository should get a not valid error when try to create a cyclist without nacionalidade" duration="1"/>
    <testCase name="CyclistRepository should get a not valid error when try to create a cyclist without urlFotoDocumento" duration="1"/>
    <testCase name="CyclistRepository should get a not valid error when try to create a cyclist without senha" duration="0"/>
    <testCase name="CyclistRepository should return a cyclist finded by id" duration="189"/>
    <testCase name="CyclistRepository should get a not found error when try to find a cyclist by id that does not exist" duration="15"/>
    <testCase name="CyclistRepository should get a invalid id error when try to find a cyclist by id that is invalid" duration="1"/>
    <testCase name="CyclistRepository should return a true if email exists on database" duration="32"/>
    <testCase name="CyclistRepository should return a false if email does not exists on database" duration="14"/>
    <testCase name="CyclistRepository should get a invalid email error when try to verify if email exists and email is invalid" duration="1"/>
    <testCase name="CyclistRepository should get a not implemented when try to findAll" duration="1"/>
    <testCase name="CyclistRepository should get a not implemented when try to update" duration="1"/>
    <testCase name="CyclistRepository should get a not implemented when try to delete" duration="0"/>
  </file>
  <file path="C:\Users\cassi\Desktop\materiais faculdade\PM\vaidebike\Aluguel\dist\tests\app.test.js">
    <testCase name="Get Endpoints Get" duration="22"/>
  </file>
  <file path="C:\Users\cassi\Desktop\materiais faculdade\PM\vaidebike\Aluguel\src\tests\unit\Cyclist.test.ts">
    <testCase name="Cyclist attributions should be ok" duration="3"/>
  </file>
  <file path="C:\Users\cassi\Desktop\materiais faculdade\PM\vaidebike\Aluguel\src\tests\unit\Employee.test.ts">
    <testCase name="Employee model" duration="5"/>
  </file>
  <file path="C:\Users\cassi\Desktop\materiais faculdade\PM\vaidebike\Aluguel\dist\tests\Cyclist.test.js">
    <testCase name="Cyclist attributions should be ok" duration="6"/>
  </file>
</testExecutions>