<?xml version="1.0" encoding="UTF-8"?>
<testExecutions version="1">
  <file path="C:\Users\cassi\Desktop\materiais faculdade\PM\vaidebike\Aluguel\src\tests\unit\CyclistRepository.test.ts">
    <testCase name="CyclistRepository CyclistRepository instances should create a new cyclist repository" duration="3"/>
    <testCase name="CyclistRepository CyclistRepository instances should set a new db" duration="1"/>
    <testCase name="CyclistRepository Create new cyclist should create a new cyclist" duration="38"/>
    <testCase name="CyclistRepository Create new cyclist should get a not valid error when try to create a cyclist with no nome" duration="1"/>
    <testCase name="CyclistRepository Create new cyclist should get a not valid error when try to create a cyclist with no email" duration="0"/>
    <testCase name="CyclistRepository Create new cyclist should get a not valid error when try to create a cyclist with no nascimento" duration="0"/>
    <testCase name="CyclistRepository Create new cyclist should get a not valid error when try to create a cyclist with no cpf" duration="0"/>
    <testCase name="CyclistRepository Create new cyclist should get a not valid error when try to create a cyclist with no passaporte" duration="1"/>
    <testCase name="CyclistRepository Create new cyclist should get a not valid error when try to create a cyclist with no status" duration="1"/>
    <testCase name="CyclistRepository Create new cyclist should get a not valid error when try to create a cyclist with no passaporte numero" duration="1"/>
    <testCase name="CyclistRepository Create new cyclist should get a not valid error when try to create a cyclist with no passaporte validade" duration="1"/>
    <testCase name="CyclistRepository Create new cyclist should get a not valid error when try to create a cyclist with no passaporte pais" duration="1"/>
    <testCase name="CyclistRepository Create new cyclist should get a not valid error when try to create a cyclist without nacionalidade" duration="1"/>
    <testCase name="CyclistRepository Create new cyclist should get a not valid error when try to create a cyclist without urlFotoDocumento" duration="1"/>
    <testCase name="CyclistRepository Create new cyclist should get a not valid error when try to create a cyclist without senha" duration="1"/>
    <testCase name="CyclistRepository Find cyclist should return a cyclist finded by id" duration="102"/>
    <testCase name="CyclistRepository Find cyclist should get a not found error when try to find a cyclist by id that does not exist" duration="10"/>
    <testCase name="CyclistRepository Find cyclist should get a invalid id error when try to find a cyclist by id that is invalid" duration="1"/>
    <testCase name="CyclistRepository Verify if email exists should return a true if email exists on database" duration="17"/>
    <testCase name="CyclistRepository Verify if email exists should return a false if email does not exists on database" duration="8"/>
    <testCase name="CyclistRepository Verify if email exists should get a invalid email error when try to verify if email exists and email is invalid" duration="1"/>
    <testCase name="CyclistRepository Find all cyclists should get a not implemented when try to findAll" duration="0"/>
    <testCase name="CyclistRepository Update cyclist Should update a cyclist." duration="26"/>
    <testCase name="CyclistRepository Update cyclist should get a not valid id error when try to update a cyclist by id that is invalid" duration="0"/>
    <testCase name="CyclistRepository Update cyclist should get a not found error when try to update a cyclist by id that does not exist" duration="14"/>
    <testCase name="CyclistRepository Delete cyclist should get a not implemented when try to delete" duration="1"/>
  </file>
  <file path="C:\Users\cassi\Desktop\materiais faculdade\PM\vaidebike\Aluguel\src\tests\integration\cyclistRoutes.test.ts">
    <testCase name="Get one Cyclist Get a cyclist by id" duration="54"/>
    <testCase name="Get one Cyclist Get a cyclist by id with invalid id" duration="6"/>
    <testCase name="Get one Cyclist Get a cyclist by id with not found id" duration="5"/>
    <testCase name="Create one cyclist Create a cyclist" duration="21"/>
    <testCase name="Create a invalid cyclist Create a cyclist with missing payment Method" duration="5"/>
    <testCase name="Create a invalid cyclist Create a cyclist with missing passaporte" duration="4"/>
    <testCase name="Create a invalid cyclist Create a cyclist with missing cpf" duration="4"/>
    <testCase name="Create a invalid cyclist Create a cyclist with missing passaporte numero" duration="3"/>
    <testCase name="Create a invalid cyclist Create a cyclist with missing passaporte validade" duration="5"/>
    <testCase name="Create a invalid cyclist Create a cyclist with missing passaporte coutry" duration="4"/>
    <testCase name="Create a invalid cyclist Create a cyclist with no senha" duration="4"/>
    <testCase name="Create a invalid cyclist Create a cyclist with no confirma_senha" duration="4"/>
    <testCase name="Create a invalid cyclist Create a cyclist with no equals senhas" duration="3"/>
    <testCase name="Create a invalid cyclist Create a cyclist without data" duration="4"/>
    <testCase name="Update cyclist Update a cyclist with valid data" duration="260"/>
    <testCase name="Update cyclist Update a cyclist with invalid id" duration="5"/>
    <testCase name="Verify if email exists Verify if email exists with valid and existing email" duration="4"/>
    <testCase name="Verify if email exists Verify if email exists with valid and not existing email" duration="6"/>
    <testCase name="Verify if email exists Verify if email exists with invalid email" duration="4"/>
    <testCase name="Delete a cyclist Delete a cyclist" duration="3"/>
  </file>
  <file path="C:\Users\cassi\Desktop\materiais faculdade\PM\vaidebike\Aluguel\src\tests\unit\CyclistController.test.ts">
    <testCase name="CyclistController should return 200 if the cyclist is found" duration="7"/>
    <testCase name="CyclistController should return 200 if the cyclist is created" duration="3"/>
    <testCase name="CyclistController should return 200 if the email exists" duration="2"/>
  </file>
  <file path="C:\Users\cassi\Desktop\materiais faculdade\PM\vaidebike\Aluguel\src\tests\unit\EmployeeRepository.test.ts">
    <testCase name="EmployeeRepository should create a new employee repository" duration="3"/>
    <testCase name="EmployeeRepository should set a new db" duration="0"/>
    <testCase name="EmployeeRepository should create a new employee" duration="35"/>
    <testCase name="EmployeeRepository should get a not valid error when try to create a employee with no nome" duration="1"/>
    <testCase name="EmployeeRepository should get a not valid error when try to create a employee with no email" duration="1"/>
    <testCase name="EmployeeRepository should get a not valid error when try to create a employee with no cargo" duration="1"/>
    <testCase name="EmployeeRepository should get a not valid error when try to create a employee with no idade" duration="1"/>
    <testCase name="EmployeeRepository should get a not valid error when try to create a employee with no cpf" duration="0"/>
    <testCase name="EmployeeRepository should get a not valid error when try to create a employee with no senha" duration="0"/>
    <testCase name="EmployeeRepository should get a no data error when try to create a employee without data" duration="1"/>
    <testCase name="EmployeeRepository should remove an employee" duration="153"/>
    <testCase name="EmployeeRepository should get a not valid error when try to delete a employee with no valid uuid" duration="1"/>
    <testCase name="EmployeeRepository should get a not found error when try to remove a employee not exists" duration="14"/>
    <testCase name="EmployeeRepository should return all employees" duration="25"/>
    <testCase name="EmployeeRepository should return employee by id" duration="10"/>
    <testCase name="EmployeeRepository should get a not valid error when try to find a employee with no valid uuid" duration="2"/>
    <testCase name="EmployeeRepository should get a not found error when employee not exists" duration="23"/>
    <testCase name="EmployeeRepository should update a employee" duration="13"/>
    <testCase name="EmployeeRepository should get a not valid error when try tu update a employee with invalid id" duration="1"/>
    <testCase name="EmployeeRepository should get a not valid error when try tu update a employee with no data" duration="1"/>
    <testCase name="EmployeeRepository should get a not valid error when try to update a employee with invalid data" duration="31"/>
    <testCase name="EmployeeRepository should get a not found error when try to update a employee not exists" duration="10"/>
    <testCase name="EmployeeRepository should get a not found error when try to update a employee not exists" duration="13"/>
  </file>
  <file path="C:\Users\cassi\Desktop\materiais faculdade\PM\vaidebike\Aluguel\src\tests\integration\employeeRoutes.test.ts">
    <testCase name="Get one Employee Get one employee with id" duration="29"/>
    <testCase name="Get one Employee Get one employee with not founded id" duration="5"/>
    <testCase name="Get one Employee Get one employee with not valid id" duration="5"/>
    <testCase name="Get all Employees Get all employees" duration="4"/>
    <testCase name="Create an Employee Create an employee with valid data" duration="25"/>
    <testCase name="Create an Employee Create an employee with invalid data" duration="5"/>
    <testCase name="Create an Employee Create an employee with no data" duration="4"/>
    <testCase name="Update an Employee Update an employee with valid data" duration="11"/>
    <testCase name="Update an Employee Update an employee with invalid data" duration="5"/>
    <testCase name="Update an Employee Update an employee with not found id" duration="5"/>
    <testCase name="Delete an Employee Delete an employee with valid data" duration="8"/>
    <testCase name="Delete an Employee Delete an employee with not found id" duration="4"/>
    <testCase name="Delete an Employee Delete an employee with invalid id" duration="4"/>
  </file>
  <file path="C:\Users\cassi\Desktop\materiais faculdade\PM\vaidebike\Aluguel\src\tests\integration\app.test.ts">
    <testCase name="Get Endpoint / Get /" duration="11"/>
  </file>
  <file path="C:\Users\cassi\Desktop\materiais faculdade\PM\vaidebike\Aluguel\dist\tests\cyclistRoutes.test.js">
    <testCase name="Get one Cyclist Get" duration="22"/>
    <testCase name="Get one Cyclist with not founded id Get" duration="6"/>
    <testCase name="Get one Cyclist with not nvalid id Get" duration="5"/>
  </file>
  <file path="C:\Users\cassi\Desktop\materiais faculdade\PM\vaidebike\Aluguel\dist\tests\app.test.js">
    <testCase name="Get Endpoints Get" duration="16"/>
  </file>
  <file path="C:\Users\cassi\Desktop\materiais faculdade\PM\vaidebike\Aluguel\src\tests\unit\EmployeeController.test.ts">
    <testCase name="EmployeeController should return 200 if the employee is found" duration="6"/>
    <testCase name="EmployeeController should return 200 if the employee is created" duration="2"/>
    <testCase name="EmployeeController should return 200 on read" duration="2"/>
    <testCase name="EmployeeController should return 200 if the employee is updated" duration="2"/>
    <testCase name="EmployeeController should return 200 if the employee is deleted" duration="1"/>
  </file>
  <file path="C:\Users\cassi\Desktop\materiais faculdade\PM\vaidebike\Aluguel\src\tests\unit\Employee.test.ts">
    <testCase name="Employee model" duration="2"/>
  </file>
  <file path="C:\Users\cassi\Desktop\materiais faculdade\PM\vaidebike\Aluguel\src\tests\unit\Cyclist.test.ts">
    <testCase name="Cyclist attributions should be ok" duration="5"/>
  </file>
  <file path="C:\Users\cassi\Desktop\materiais faculdade\PM\vaidebike\Aluguel\dist\tests\Cyclist.test.js">
    <testCase name="Cyclist attributions should be ok" duration="3"/>
  </file>
</testExecutions>