<?xml version="1.0" encoding="UTF-8"?>
<testExecutions version="1">
  <file path="C:\Users\cassi\Desktop\materiais faculdade\PM\vaidebike\Aluguel\src\tests\integration\employeeRoutes.test.ts">
    <testCase name="Get one Employee Get one employee with id" duration="46"/>
    <testCase name="Get one Employee Get one employee with not founded id" duration="6"/>
    <testCase name="Get one Employee Get one employee with not valid id" duration="5"/>
    <testCase name="Get all Employees Get all employees" duration="4"/>
    <testCase name="Create an Employee Create an employee with valid data" duration="27"/>
    <testCase name="Create an Employee Create an employee with invalid data" duration="6"/>
    <testCase name="Create an Employee Create an employee with no data" duration="5"/>
    <testCase name="Update an Employee Update an employee with valid data" duration="9"/>
    <testCase name="Update an Employee Update an employee with invalid data" duration="6"/>
    <testCase name="Update an Employee Update an employee with not found id" duration="5"/>
    <testCase name="Delete an Employee Delete an employee with valid data" duration="8"/>
    <testCase name="Delete an Employee Delete an employee with not found id" duration="4"/>
    <testCase name="Delete an Employee Delete an employee with invalid id" duration="4"/>
  </file>
  <file path="C:\Users\cassi\Desktop\materiais faculdade\PM\vaidebike\Aluguel\src\tests\unit\EmployeeRepository.test.ts">
    <testCase name="EmployeeRepository should create a new employee repository" duration="3"/>
    <testCase name="EmployeeRepository should set a new db" duration="0"/>
    <testCase name="EmployeeRepository should create a new employee" duration="28"/>
    <testCase name="EmployeeRepository should get a not valid error when try to create a employee with no name" duration="2"/>
    <testCase name="EmployeeRepository should get a not valid error when try to create a employee with no email" duration="1"/>
    <testCase name="EmployeeRepository should get a not valid error when try to create a employee with no role" duration="1"/>
    <testCase name="EmployeeRepository should get a not valid error when try to create a employee with no age" duration="0"/>
    <testCase name="EmployeeRepository should get a not valid error when try to create a employee with no cpf" duration="0"/>
    <testCase name="EmployeeRepository should get a not valid error when try to create a employee with no password" duration="0"/>
    <testCase name="EmployeeRepository should get a no data error when try to create a employee without data" duration="0"/>
    <testCase name="EmployeeRepository should remove an employee" duration="64"/>
    <testCase name="EmployeeRepository should get a not valid error when try to delete a employee with no valid uuid" duration="1"/>
    <testCase name="EmployeeRepository should get a not found error when try to remove a employee not exists" duration="21"/>
    <testCase name="EmployeeRepository should return all employees" duration="9"/>
    <testCase name="EmployeeRepository should return employee by id" duration="8"/>
    <testCase name="EmployeeRepository should get a not valid error when try to find a employee with no valid uuid" duration="1"/>
    <testCase name="EmployeeRepository should get a not found error when employee not exists" duration="15"/>
    <testCase name="EmployeeRepository should update a employee" duration="11"/>
    <testCase name="EmployeeRepository should get a not valid error when try tu update a employee with invalid id" duration="1"/>
    <testCase name="EmployeeRepository should get a not valid error when try tu update a employee with no data" duration="0"/>
    <testCase name="EmployeeRepository should get a not valid error when try to update a employee with invalid data" duration="21"/>
    <testCase name="EmployeeRepository should get a not found error when try to update a employee not exists" duration="8"/>
    <testCase name="EmployeeRepository should get a not found error when try to update a employee not exists" duration="8"/>
  </file>
  <file path="C:\Users\cassi\Desktop\materiais faculdade\PM\vaidebike\Aluguel\src\tests\integration\cyclistRoutes.test.ts">
    <testCase name="Get one Cyclist Get" duration="22"/>
    <testCase name="Create one cyclist Create a cyclist" duration="20"/>
    <testCase name="Create a invalid cyclist Create a cyclist with missing params" duration="5"/>
    <testCase name="Create a invalid cyclist Create a cyclist without data" duration="4"/>
    <testCase name="Get a invalid cyclist Get one Cyclist with not founded id" duration="4"/>
    <testCase name="Get a invalid cyclist Get one Cyclist with not valid id" duration="4"/>
  </file>
  <file path="C:\Users\cassi\Desktop\materiais faculdade\PM\vaidebike\Aluguel\src\tests\integration\app.test.ts">
    <testCase name="Get Endpoint / Get /" duration="16"/>
  </file>
  <file path="C:\Users\cassi\Desktop\materiais faculdade\PM\vaidebike\Aluguel\dist\tests\cyclistRoutes.test.js">
    <testCase name="Get one Cyclist Get" duration="17"/>
    <testCase name="Get one Cyclist with not founded id Get" duration="4"/>
    <testCase name="Get one Cyclist with not nvalid id Get" duration="4"/>
  </file>
  <file path="C:\Users\cassi\Desktop\materiais faculdade\PM\vaidebike\Aluguel\dist\tests\app.test.js">
    <testCase name="Get Endpoints Get" duration="17"/>
  </file>
  <file path="C:\Users\cassi\Desktop\materiais faculdade\PM\vaidebike\Aluguel\src\tests\unit\Employee.test.ts">
    <testCase name="Employee model" duration="2"/>
  </file>
  <file path="C:\Users\cassi\Desktop\materiais faculdade\PM\vaidebike\Aluguel\src\tests\unit\Cyclist.test.ts">
    <testCase name="Cyclist attributions should be ok" duration="3"/>
  </file>
  <file path="C:\Users\cassi\Desktop\materiais faculdade\PM\vaidebike\Aluguel\dist\tests\Cyclist.test.js">
    <testCase name="Cyclist attributions should be ok" duration="3"/>
  </file>
</testExecutions>