<?xml version="1.0" encoding="UTF-8"?>
<testExecutions version="1">
  <file path="C:\Users\cassi\Desktop\materiais faculdade\PM\vaidebike\Aluguel\dist\tests\app.test.js">
    <testCase name="Get Endpoints Get" duration="121"/>
  </file>
  <file path="C:\Users\cassi\Desktop\materiais faculdade\PM\vaidebike\Aluguel\dist\tests\cyclistRoutes.test.js">
    <testCase name="Get one Cyclist Get" duration="271"/>
    <testCase name="Get one Cyclist with not founded id Get" duration="23"/>
    <testCase name="Get one Cyclist with not nvalid id Get" duration="16"/>
  </file>
  <file path="C:\Users\cassi\Desktop\materiais faculdade\PM\vaidebike\Aluguel\dist\tests\Cyclist.test.js">
    <testCase name="Cyclist attributions should be ok" duration="9"/>
  </file>
  <file path="C:\Users\cassi\Desktop\materiais faculdade\PM\vaidebike\Aluguel\src\tests\Cyclist.test.ts">
    <testCase name="Cyclist attributions should be ok" duration="8"/>
  </file>
  <file path="C:\Users\cassi\Desktop\materiais faculdade\PM\vaidebike\Aluguel\src\tests\app.test.ts">
    <testCase name="Get Endpoints Get" duration="55"/>
  </file>
  <file path="C:\Users\cassi\Desktop\materiais faculdade\PM\vaidebike\Aluguel\src\tests\cyclistRoutes.test.ts">
    <testCase name="Get one Cyclist Get" duration="54"/>
    <testCase name="Get one Cyclist with not founded id Get" duration="9"/>
    <testCase name="Get one Cyclist with not nvalid id Get" duration="7"/>
  </file>
</testExecutions>