<?xml version="1.0" encoding="UTF-8"?>
<testExecutions version="1">
  <file path="C:\Users\cassi\Desktop\materiais faculdade\PM\vaidebike\Aluguel\dist\tests\app.test.js">
    <testCase name="Get Endpoints Get" duration="69"/>
  </file>
  <file path="C:\Users\cassi\Desktop\materiais faculdade\PM\vaidebike\Aluguel\src\tests\Cyclist.test.ts">
    <testCase name="Cyclist attributions should be ok" duration="3"/>
  </file>
  <file path="C:\Users\cassi\Desktop\materiais faculdade\PM\vaidebike\Aluguel\src\tests\app.test.ts">
    <testCase name="Get Endpoints Get" duration="25"/>
  </file>
</testExecutions>