<?xml version="1.0" encoding="UTF-8"?>
<testExecutions version="1">
  <file path="C:\Users\cassi\Desktop\materiais faculdade\PM\vaidebike\Aluguel\src\tests\integration\cyclistRoutes.test.ts">
    <testCase name="Get one Cyclist Get a cyclist by id" duration="68"/>
    <testCase name="Get one Cyclist Get a cyclist by id with invalid id" duration="12"/>
    <testCase name="Get one Cyclist Get a cyclist by id with not found id" duration="6"/>
    <testCase name="Create one cyclist Create a cyclist" duration="41"/>
    <testCase name="Create a invalid cyclist Create a cyclist with missing payment Method" duration="11"/>
    <testCase name="Create a invalid cyclist Create a cyclist with missing passport" duration="7"/>
    <testCase name="Create a invalid cyclist Create a cyclist with missing cpf" duration="12"/>
    <testCase name="Create a invalid cyclist Create a cyclist with missing passport number" duration="6"/>
    <testCase name="Create a invalid cyclist Create a cyclist with missing passport expiration" duration="9"/>
    <testCase name="Create a invalid cyclist Create a cyclist with missing passport coutry" duration="6"/>
    <testCase name="Create a invalid cyclist Create a cyclist with no password" duration="6"/>
    <testCase name="Create a invalid cyclist Create a cyclist with no password2" duration="6"/>
    <testCase name="Create a invalid cyclist Create a cyclist with no equals passwords" duration="5"/>
    <testCase name="Create a invalid cyclist Create a cyclist without data" duration="9"/>
    <testCase name="Update cyclist Update a cyclist" duration="6"/>
    <testCase name="Verify if email exists Verify if email exists with valid and existing email" duration="8"/>
    <testCase name="Verify if email exists Verify if email exists with valid and not existing email" duration="5"/>
    <testCase name="Verify if email exists Verify if email exists with invalid email" duration="9"/>
    <testCase name="Delete a cyclist Delete a cyclist" duration="6"/>
  </file>
  <file path="C:\Users\cassi\Desktop\materiais faculdade\PM\vaidebike\Aluguel\src\tests\integration\employeeRoutes.test.ts">
    <testCase name="Get one Employee Get one employee with id" duration="50"/>
    <testCase name="Get one Employee Get one employee with not founded id" duration="6"/>
    <testCase name="Get one Employee Get one employee with not valid id" duration="12"/>
    <testCase name="Get all Employees Get all employees" duration="4"/>
    <testCase name="Create an Employee Create an employee with valid data" duration="28"/>
    <testCase name="Create an Employee Create an employee with invalid data" duration="6"/>
    <testCase name="Create an Employee Create an employee with no data" duration="7"/>
    <testCase name="Update an Employee Update an employee with valid data" duration="12"/>
    <testCase name="Update an Employee Update an employee with invalid data" duration="6"/>
    <testCase name="Update an Employee Update an employee with not found id" duration="7"/>
    <testCase name="Delete an Employee Delete an employee with valid data" duration="12"/>
    <testCase name="Delete an Employee Delete an employee with not found id" duration="5"/>
    <testCase name="Delete an Employee Delete an employee with invalid id" duration="6"/>
  </file>
  <file path="C:\Users\cassi\Desktop\materiais faculdade\PM\vaidebike\Aluguel\src\tests\unit\EmployeeRepository.test.ts">
    <testCase name="EmployeeRepository should create a new employee repository" duration="4"/>
    <testCase name="EmployeeRepository should set a new db" duration="1"/>
    <testCase name="EmployeeRepository should create a new employee" duration="51"/>
    <testCase name="EmployeeRepository should get a not valid error when try to create a employee with no name" duration="1"/>
    <testCase name="EmployeeRepository should get a not valid error when try to create a employee with no email" duration="1"/>
    <testCase name="EmployeeRepository should get a not valid error when try to create a employee with no role" duration="1"/>
    <testCase name="EmployeeRepository should get a not valid error when try to create a employee with no age" duration="1"/>
    <testCase name="EmployeeRepository should get a not valid error when try to create a employee with no cpf" duration="1"/>
    <testCase name="EmployeeRepository should get a not valid error when try to create a employee with no password" duration="1"/>
    <testCase name="EmployeeRepository should get a no data error when try to create a employee without data" duration="2"/>
    <testCase name="EmployeeRepository should remove an employee" duration="101"/>
    <testCase name="EmployeeRepository should get a not valid error when try to delete a employee with no valid uuid" duration="2"/>
    <testCase name="EmployeeRepository should get a not found error when try to remove a employee not exists" duration="27"/>
    <testCase name="EmployeeRepository should return all employees" duration="14"/>
    <testCase name="EmployeeRepository should return employee by id" duration="14"/>
    <testCase name="EmployeeRepository should get a not valid error when try to find a employee with no valid uuid" duration="2"/>
    <testCase name="EmployeeRepository should get a not found error when employee not exists" duration="27"/>
    <testCase name="EmployeeRepository should update a employee" duration="22"/>
    <testCase name="EmployeeRepository should get a not valid error when try tu update a employee with invalid id" duration="1"/>
    <testCase name="EmployeeRepository should get a not valid error when try tu update a employee with no data" duration="1"/>
    <testCase name="EmployeeRepository should get a not valid error when try to update a employee with invalid data" duration="36"/>
    <testCase name="EmployeeRepository should get a not found error when try to update a employee not exists" duration="14"/>
    <testCase name="EmployeeRepository should get a not found error when try to update a employee not exists" duration="13"/>
  </file>
  <file path="C:\Users\cassi\Desktop\materiais faculdade\PM\vaidebike\Aluguel\src\tests\integration\app.test.ts">
    <testCase name="Get Endpoint / Get /" duration="31"/>
  </file>
  <file path="C:\Users\cassi\Desktop\materiais faculdade\PM\vaidebike\Aluguel\src\tests\unit\CyclistRepository.test.ts">
    <testCase name="CyclistRepository should create a new cyclist repository" duration="4"/>
    <testCase name="CyclistRepository should set a new db" duration="0"/>
    <testCase name="CyclistRepository should create a new cyclist" duration="58"/>
    <testCase name="CyclistRepository should get a not valid error when try to create a cyclist with no name" duration="1"/>
    <testCase name="CyclistRepository should get a not valid error when try to create a cyclist with no email" duration="1"/>
    <testCase name="CyclistRepository should get a not valid error when try to create a cyclist with no birthday" duration="1"/>
    <testCase name="CyclistRepository should get a not valid error when try to create a cyclist with no cpf" duration="1"/>
    <testCase name="CyclistRepository should get a not valid error when try to create a cyclist with no passport" duration="1"/>
    <testCase name="CyclistRepository should get a not valid error when try to create a cyclist with no status" duration="1"/>
    <testCase name="CyclistRepository should get a not valid error when try to create a cyclist with no passport number" duration="0"/>
    <testCase name="CyclistRepository should get a not valid error when try to create a cyclist with no passport expiration" duration="1"/>
    <testCase name="CyclistRepository should get a not valid error when try to create a cyclist with no passport country" duration="1"/>
    <testCase name="CyclistRepository should get a not valid error when try to create a cyclist without nationality" duration="1"/>
    <testCase name="CyclistRepository should get a not valid error when try to create a cyclist without urlDocumentPhoto" duration="1"/>
    <testCase name="CyclistRepository should get a not valid error when try to create a cyclist without password" duration="1"/>
    <testCase name="CyclistRepository should return a cyclist finded by id" duration="141"/>
    <testCase name="CyclistRepository should get a not found error when try to find a cyclist by id that does not exist" duration="11"/>
    <testCase name="CyclistRepository should get a invalid id error when try to find a cyclist by id that is invalid" duration="1"/>
    <testCase name="CyclistRepository should return a true if email exists on database" duration="20"/>
    <testCase name="CyclistRepository should return a false if email does not exists on database" duration="10"/>
    <testCase name="CyclistRepository should get a invalid email error when try to verify if email exists and email is invalid" duration="1"/>
    <testCase name="CyclistRepository should get a not implemented when try to findAll" duration="0"/>
    <testCase name="CyclistRepository should get a not implemented when try to update" duration="0"/>
    <testCase name="CyclistRepository should get a not implemented when try to delete" duration="1"/>
  </file>
  <file path="C:\Users\cassi\Desktop\materiais faculdade\PM\vaidebike\Aluguel\src\tests\unit\Cyclist.test.ts">
    <testCase name="Cyclist attributions should be ok" duration="4"/>
  </file>
  <file path="C:\Users\cassi\Desktop\materiais faculdade\PM\vaidebike\Aluguel\src\tests\unit\Employee.test.ts">
    <testCase name="Employee model" duration="3"/>
  </file>
</testExecutions>