<?xml version="1.0" encoding="UTF-8"?>
<testExecutions version="1">
  <file path="C:\Users\cassi\Desktop\materiais faculdade\PM\vaidebike\Aluguel\src\tests\unit\CyclistRepository.test.ts">
    <testCase name="CyclistRepository should create a new cyclist repository" duration="8"/>
    <testCase name="CyclistRepository should set a new db" duration="1"/>
    <testCase name="CyclistRepository should create a new cyclist" duration="64"/>
    <testCase name="CyclistRepository should get a not valid error when try to create a cyclist with no nome" duration="4"/>
    <testCase name="CyclistRepository should get a not valid error when try to create a cyclist with no email" duration="2"/>
    <testCase name="CyclistRepository should get a not valid error when try to create a cyclist with no nascimento" duration="2"/>
    <testCase name="CyclistRepository should get a not valid error when try to create a cyclist with no cpf" duration="2"/>
    <testCase name="CyclistRepository should get a not valid error when try to create a cyclist with no passaporte" duration="2"/>
    <testCase name="CyclistRepository should get a not valid error when try to create a cyclist with no status" duration="1"/>
    <testCase name="CyclistRepository should get a not valid error when try to create a cyclist with no passaporte numero" duration="1"/>
    <testCase name="CyclistRepository should get a not valid error when try to create a cyclist with no passaporte validade" duration="1"/>
    <testCase name="CyclistRepository should get a not valid error when try to create a cyclist with no passaporte pais" duration="1"/>
    <testCase name="CyclistRepository should get a not valid error when try to create a cyclist without nacionalidade" duration="1"/>
    <testCase name="CyclistRepository should get a not valid error when try to create a cyclist without urlFotoDocumento" duration="1"/>
    <testCase name="CyclistRepository should get a not valid error when try to create a cyclist without senha" duration="1"/>
    <testCase name="CyclistRepository should return a cyclist finded by id" duration="161"/>
    <testCase name="CyclistRepository should get a not found error when try to find a cyclist by id that does not exist" duration="12"/>
    <testCase name="CyclistRepository should get a invalid id error when try to find a cyclist by id that is invalid" duration="1"/>
    <testCase name="CyclistRepository should return a true if email exists on database" duration="23"/>
    <testCase name="CyclistRepository should return a false if email does not exists on database" duration="11"/>
    <testCase name="CyclistRepository should get a invalid email error when try to verify if email exists and email is invalid" duration="1"/>
    <testCase name="CyclistRepository should get a not implemented when try to findAll" duration="0"/>
    <testCase name="CyclistRepository Shoud update a cyclist." duration="58">
      <failure message="Error: expect(received).toEqual(expected) // deep equality"><![CDATA[Error: expect(received).toEqual(expected) // deep equality

Expected: 1990-01-01T00:00:00.000Z
Received: {}
    at C:\Users\cassi\Desktop\materiais faculdade\PM\vaidebike\Aluguel\src\tests\unit\CyclistRepository.test.ts:410:39
    at Generator.next (<anonymous>)
    at fulfilled (C:\Users\cassi\Desktop\materiais faculdade\PM\vaidebike\Aluguel\src\tests\unit\CyclistRepository.test.ts:5:58)]]></failure>
    </testCase>
    <testCase name="CyclistRepository should get a not implemented when try to delete" duration="1"/>
  </file>
  <file path="C:\Users\cassi\Desktop\materiais faculdade\PM\vaidebike\Aluguel\src\tests\integration\cyclistRoutes.test.ts">
    <testCase name="Get one Cyclist Get a cyclist by id" duration="75"/>
    <testCase name="Get one Cyclist Get a cyclist by id with invalid id" duration="12"/>
    <testCase name="Get one Cyclist Get a cyclist by id with not found id" duration="8"/>
    <testCase name="Create one cyclist Create a cyclist" duration="45"/>
    <testCase name="Create a invalid cyclist Create a cyclist with missing payment Method" duration="10"/>
    <testCase name="Create a invalid cyclist Create a cyclist with missing passaporte" duration="10"/>
    <testCase name="Create a invalid cyclist Create a cyclist with missing cpf" duration="9"/>
    <testCase name="Create a invalid cyclist Create a cyclist with missing passaporte numero" duration="12"/>
    <testCase name="Create a invalid cyclist Create a cyclist with missing passaporte validade" duration="9"/>
    <testCase name="Create a invalid cyclist Create a cyclist with missing passaporte coutry" duration="8"/>
    <testCase name="Create a invalid cyclist Create a cyclist with no senha" duration="8"/>
    <testCase name="Create a invalid cyclist Create a cyclist with no confirma_senha" duration="8"/>
    <testCase name="Create a invalid cyclist Create a cyclist with no equals senhas" duration="8"/>
    <testCase name="Create a invalid cyclist Create a cyclist without data" duration="7"/>
    <testCase name="Update cyclist Update a cyclist" duration="17"/>
    <testCase name="Verify if email exists Verify if email exists with valid and existing email" duration="10">
      <failure message="Error: expect(received).toBe(expected) // Object.is equality"><![CDATA[Error: expect(received).toBe(expected) // Object.is equality

Expected: true
Received: false
    at C:\Users\cassi\Desktop\materiais faculdade\PM\vaidebike\Aluguel\src\tests\integration\cyclistRoutes.test.ts:437:29
    at Generator.next (<anonymous>)
    at fulfilled (C:\Users\cassi\Desktop\materiais faculdade\PM\vaidebike\Aluguel\src\tests\integration\cyclistRoutes.test.ts:5:58)
    at processTicksAndRejections (node:internal/process/task_queues:96:5)]]></failure>
    </testCase>
    <testCase name="Verify if email exists Verify if email exists with valid and not existing email" duration="7"/>
    <testCase name="Verify if email exists Verify if email exists with invalid email" duration="7"/>
    <testCase name="Delete a cyclist Delete a cyclist" duration="7"/>
  </file>
  <file path="C:\Users\cassi\Desktop\materiais faculdade\PM\vaidebike\Aluguel\src\tests\integration\employeeRoutes.test.ts">
    <testCase name="Get one Employee Get one employee with id" duration="75"/>
    <testCase name="Get one Employee Get one employee with not founded id" duration="11"/>
    <testCase name="Get one Employee Get one employee with not valid id" duration="11"/>
    <testCase name="Get all Employees Get all employees" duration="22"/>
    <testCase name="Create an Employee Create an employee with valid data" duration="36"/>
    <testCase name="Create an Employee Create an employee with invalid data" duration="7"/>
    <testCase name="Create an Employee Create an employee with no data" duration="7"/>
    <testCase name="Update an Employee Update an employee with valid data" duration="14"/>
    <testCase name="Update an Employee Update an employee with invalid data" duration="8"/>
    <testCase name="Update an Employee Update an employee with not found id" duration="6"/>
    <testCase name="Delete an Employee Delete an employee with valid data" duration="13"/>
    <testCase name="Delete an Employee Delete an employee with not found id" duration="6"/>
    <testCase name="Delete an Employee Delete an employee with invalid id" duration="6"/>
  </file>
  <file path="C:\Users\cassi\Desktop\materiais faculdade\PM\vaidebike\Aluguel\src\tests\unit\CyclistController.test.ts">
    <testCase name="CyclistController should return 200 if the cyclist is found" duration="11"/>
    <testCase name="CyclistController should return 200 if the cyclist is created" duration="4"/>
    <testCase name="CyclistController should return 200 if the email exists" duration="3"/>
  </file>
  <file path="C:\Users\cassi\Desktop\materiais faculdade\PM\vaidebike\Aluguel\src\tests\unit\EmployeeRepository.test.ts">
    <testCase name="EmployeeRepository should create a new employee repository" duration="7"/>
    <testCase name="EmployeeRepository should set a new db" duration="1"/>
    <testCase name="EmployeeRepository should create a new employee" duration="53"/>
    <testCase name="EmployeeRepository should get a not valid error when try to create a employee with no nome" duration="3"/>
    <testCase name="EmployeeRepository should get a not valid error when try to create a employee with no email" duration="1"/>
    <testCase name="EmployeeRepository should get a not valid error when try to create a employee with no cargo" duration="1"/>
    <testCase name="EmployeeRepository should get a not valid error when try to create a employee with no idade" duration="1"/>
    <testCase name="EmployeeRepository should get a not valid error when try to create a employee with no cpf" duration="1"/>
    <testCase name="EmployeeRepository should get a not valid error when try to create a employee with no senha" duration="1"/>
    <testCase name="EmployeeRepository should get a no data error when try to create a employee without data" duration="1"/>
    <testCase name="EmployeeRepository should remove an employee" duration="124"/>
    <testCase name="EmployeeRepository should get a not valid error when try to delete a employee with no valid uuid" duration="2"/>
    <testCase name="EmployeeRepository should get a not found error when try to remove a employee not exists" duration="26"/>
    <testCase name="EmployeeRepository should return all employees" duration="13"/>
    <testCase name="EmployeeRepository should return employee by id" duration="14"/>
    <testCase name="EmployeeRepository should get a not valid error when try to find a employee with no valid uuid" duration="2"/>
    <testCase name="EmployeeRepository should get a not found error when employee not exists" duration="24"/>
    <testCase name="EmployeeRepository should update a employee" duration="18"/>
    <testCase name="EmployeeRepository should get a not valid error when try tu update a employee with invalid id" duration="1"/>
    <testCase name="EmployeeRepository should get a not valid error when try tu update a employee with no data" duration="1"/>
    <testCase name="EmployeeRepository should get a not valid error when try to update a employee with invalid data" duration="35"/>
    <testCase name="EmployeeRepository should get a not found error when try to update a employee not exists" duration="13"/>
    <testCase name="EmployeeRepository should get a not found error when try to update a employee not exists" duration="12"/>
  </file>
  <file path="C:\Users\cassi\Desktop\materiais faculdade\PM\vaidebike\Aluguel\src\tests\integration\app.test.ts">
    <testCase name="Get Endpoint / Get /" duration="25"/>
  </file>
  <file path="C:\Users\cassi\Desktop\materiais faculdade\PM\vaidebike\Aluguel\src\tests\unit\EmployeeController.test.ts">
    <testCase name="EmployeeController should return 200 if the employee is found" duration="15"/>
    <testCase name="EmployeeController should return 200 if the employee is created" duration="5"/>
    <testCase name="EmployeeController should return 200 on read" duration="3"/>
    <testCase name="EmployeeController should return 200 if the employee is updated" duration="4"/>
    <testCase name="EmployeeController should return 200 if the employee is deleted" duration="5"/>
  </file>
  <file path="C:\Users\cassi\Desktop\materiais faculdade\PM\vaidebike\Aluguel\src\tests\unit\Cyclist.test.ts">
    <testCase name="Cyclist attributions should be ok" duration="6"/>
  </file>
  <file path="C:\Users\cassi\Desktop\materiais faculdade\PM\vaidebike\Aluguel\src\tests\unit\Employee.test.ts">
    <testCase name="Employee model" duration="4"/>
  </file>
</testExecutions>