<?xml version="1.0" encoding="UTF-8"?>
<testExecutions version="1">
  <file path="C:\Users\cassi\Desktop\materiais faculdade\PM\vaidebike\Aluguel\dist\tests\cyclistRoutes.test.js">
    <testCase name="Get one Cyclist Get" duration="95"/>
    <testCase name="Get one Cyclist with not founded id Get" duration="11"/>
    <testCase name="Get one Cyclist with not nvalid id Get" duration="22"/>
  </file>
  <file path="C:\Users\cassi\Desktop\materiais faculdade\PM\vaidebike\Aluguel\dist\tests\app.test.js">
    <testCase name="Get Endpoints Get" duration="89"/>
  </file>
  <file path="C:\Users\cassi\Desktop\materiais faculdade\PM\vaidebike\Aluguel\dist\tests\Cyclist.test.js">
    <testCase name="Cyclist attributions should be ok" duration="8"/>
  </file>
  <file path="C:\Users\cassi\Desktop\materiais faculdade\PM\vaidebike\Aluguel\src\tests\Cyclist.test.ts">
    <testCase name="Cyclist attributions should be ok" duration="13"/>
  </file>
  <file path="C:\Users\cassi\Desktop\materiais faculdade\PM\vaidebike\Aluguel\src\tests\app.test.ts">
    <testCase name="Get Endpoint / Get" duration="44"/>
  </file>
  <file path="C:\Users\cassi\Desktop\materiais faculdade\PM\vaidebike\Aluguel\src\tests\cyclistRoutes.test.ts">
    <testCase name="Get one Cyclist Get" duration="31"/>
    <testCase name="Get one Cyclist with not founded id Get" duration="7"/>
    <testCase name="Get one Cyclist with not valid id Get" duration="5"/>
  </file>
</testExecutions>